g:\segment\segment\x64\debug\vc141.pdb
g:\segment\segment\x64\debug\trie.obj
g:\segment\segment\x64\debug\segment.obj
g:\segment\segment\x64\debug\myfunc.obj
g:\segment\segment\x64\debug\main.obj
g:\segment\segment\x64\debug\moc_segment.obj
g:\segment\segment\x64\debug\dict.obj
g:\segment\segment\x64\debug\decode.obj
g:\segment\segment\x64\debug\qrc_segment.obj
g:\segment\segment\generatedfiles\debug\moc_segment.cpp
g:\segment\segment\generatedfiles\ui_segment.h
g:\segment\segment\generatedfiles\qrc_segment.cpp
g:\segment\x64\debug\segment.ilk
g:\segment\x64\debug\segment.exe
g:\segment\x64\debug\segment.pdb
g:\segment\segment\x64\debug\segment.tlog\cl.command.1.tlog
g:\segment\segment\x64\debug\segment.tlog\cl.read.1.tlog
g:\segment\segment\x64\debug\segment.tlog\cl.write.1.tlog
g:\segment\segment\x64\debug\segment.tlog\custombuild.command.1.tlog
g:\segment\segment\x64\debug\segment.tlog\custombuild.read.1.tlog
g:\segment\segment\x64\debug\segment.tlog\custombuild.write.1.tlog
g:\segment\segment\x64\debug\segment.tlog\link.command.1.tlog
g:\segment\segment\x64\debug\segment.tlog\link.read.1.tlog
g:\segment\segment\x64\debug\segment.tlog\link.write.1.tlog
