c:\users\eric\source\repos\segment\segment\x64\debug\vc141.pdb
c:\users\eric\source\repos\segment\segment\x64\debug\trie.obj
c:\users\eric\source\repos\segment\segment\x64\debug\segment.obj
c:\users\eric\source\repos\segment\segment\x64\debug\segcore.obj
c:\users\eric\source\repos\segment\segment\x64\debug\main.obj
c:\users\eric\source\repos\segment\segment\x64\debug\moc_segment.obj
c:\users\eric\source\repos\segment\segment\x64\debug\dict.obj
c:\users\eric\source\repos\segment\segment\x64\debug\decode.obj
c:\users\eric\source\repos\segment\segment\x64\debug\qrc_segment.obj
c:\users\eric\source\repos\segment\segment\x64\debug\helpwidgt.obj
c:\users\eric\source\repos\segment\segment\generatedfiles\ui_segment.h
c:\users\eric\source\repos\segment\segment\generatedfiles\qrc_segment.cpp
c:\users\eric\source\repos\segment\segment\generatedfiles\debug\moc_segment.cpp
c:\users\eric\documents\github\segment\x64\debug\segment.ilk
c:\users\eric\documents\github\segment\x64\debug\segment.exe
c:\users\eric\documents\github\segment\x64\debug\segment.pdb
c:\users\eric\source\repos\segment\x64\debug\segment.exe
c:\users\eric\source\repos\segment\x64\debug\segment.ilk
c:\users\eric\source\repos\segment\x64\debug\segment.pdb
c:\users\eric\source\repos\segment\segment\x64\debug\segment.res
c:\users\eric\source\repos\segment\segment\x64\debug\segment.tlog\cl.command.1.tlog
c:\users\eric\source\repos\segment\segment\x64\debug\segment.tlog\cl.read.1.tlog
c:\users\eric\source\repos\segment\segment\x64\debug\segment.tlog\cl.write.1.tlog
c:\users\eric\source\repos\segment\segment\x64\debug\segment.tlog\custombuild.command.1.tlog
c:\users\eric\source\repos\segment\segment\x64\debug\segment.tlog\custombuild.read.1.tlog
c:\users\eric\source\repos\segment\segment\x64\debug\segment.tlog\custombuild.write.1.tlog
c:\users\eric\source\repos\segment\segment\x64\debug\segment.tlog\link.command.1.tlog
c:\users\eric\source\repos\segment\segment\x64\debug\segment.tlog\link.read.1.tlog
c:\users\eric\source\repos\segment\segment\x64\debug\segment.tlog\link.write.1.tlog
c:\users\eric\source\repos\segment\segment\x64\debug\segment.tlog\rc.command.1.tlog
c:\users\eric\source\repos\segment\segment\x64\debug\segment.tlog\rc.read.1.tlog
c:\users\eric\source\repos\segment\segment\x64\debug\segment.tlog\rc.write.1.tlog
